[-1765840321156222976.000s] [34mcolcon[0m [1;30mDEBUG[0m [32mCommand line arguments: ['/usr/bin/colcon', 'build', '--symlink-install'][0m
[-1765840321156222976.000s] [34mcolcon[0m [1;30mDEBUG[0m [32mParsed command line arguments: Namespace(log_base=None, log_level=None, verb_name='build', build_base='build', install_base='install', merge_install=False, symlink_install=True, test_result_base=None, continue_on_error=False, executor='parallel', parallel_workers=12, event_handlers=None, ignore_user_meta=False, metas=['./colcon.meta'], base_paths=['.'], packages_ignore=None, packages_ignore_regex=None, paths=None, packages_up_to=None, packages_up_to_regex=None, packages_above=None, packages_above_and_dependencies=None, packages_above_depth=None, packages_select_by_dep=None, packages_skip_by_dep=None, packages_skip_up_to=None, packages_select_build_failed=False, packages_skip_build_finished=False, packages_select_test_failures=False, packages_skip_test_passed=False, packages_select=None, packages_skip=None, packages_select_regex=None, packages_skip_regex=None, packages_start=None, packages_end=None, allow_overriding=[], cmake_args=None, cmake_target=None, cmake_target_skip_unavailable=False, cmake_clean_cache=False, cmake_clean_first=False, cmake_force_configure=False, ament_cmake_args=None, catkin_cmake_args=None, catkin_skip_building_tests=False, verb_parser=<colcon_defaults.argument_parser.defaults.DefaultArgumentsDecorator object at 0x7feb5416cb90>, verb_extension=<colcon_core.verb.build.BuildVerb object at 0x7feb5418c830>, main=<bound method BuildVerb.main of <colcon_core.verb.build.BuildVerb object at 0x7feb5418c830>>)[0m
[-1765840321156222976.000s] [34mcolcon.colcon_core.package_discovery[0m [1;30mLevel 1[0m discover_packages(colcon_meta) check parameters
[-1765840321156222976.000s] [34mcolcon.colcon_core.package_discovery[0m [1;30mLevel 1[0m discover_packages(recursive) check parameters
[-1765840321156222976.000s] [34mcolcon.colcon_core.package_discovery[0m [1;30mLevel 1[0m discover_packages(ignore) check parameters
[-1765840321156222976.000s] [34mcolcon.colcon_core.package_discovery[0m [1;30mLevel 1[0m discover_packages(path) check parameters
[-1765840321156222976.000s] [34mcolcon.colcon_core.package_discovery[0m [1;30mLevel 1[0m discover_packages(colcon_meta) discover
[-1765840321156222976.000s] [34mcolcon.colcon_core.package_discovery[0m [1;30mLevel 1[0m discover_packages(recursive) discover
[-1765840321156222976.000s] [34mcolcon.colcon_core.package_discovery[0m [1;30mINFO[0m Crawling recursively for packages in '/home/hatim/Documents/Github/robofun_ws/platform/scuttle/ROS2'
[-1765840321156222976.000s] [34mcolcon.colcon_core.package_identification[0m [1;30mLevel 1[0m _identify(.) by extensions ['ignore', 'ignore_ament_install']
[-1765840321156222976.000s] [34mcolcon.colcon_core.package_identification[0m [1;30mLevel 1[0m _identify(.) by extension 'ignore'
[-1765840321156222976.000s] [34mcolcon.colcon_core.package_identification[0m [1;30mLevel 1[0m _identify(.) by extension 'ignore_ament_install'
[-1765840321156222976.000s] [34mcolcon.colcon_core.package_identification[0m [1;30mLevel 1[0m _identify(.) by extensions ['colcon_pkg']
[-1765840321156222976.000s] [34mcolcon.colcon_core.package_identification[0m [1;30mLevel 1[0m _identify(.) by extension 'colcon_pkg'
[-1765840321156222976.000s] [34mcolcon.colcon_core.package_identification[0m [1;30mLevel 1[0m _identify(.) by extensions ['colcon_meta']
[-1765840321156222976.000s] [34mcolcon.colcon_core.package_identification[0m [1;30mLevel 1[0m _identify(.) by extension 'colcon_meta'
[-1765840321156222976.000s] [34mcolcon.colcon_core.package_identification[0m [1;30mLevel 1[0m _identify(.) by extensions ['ros']
[-1765840321156222976.000s] [34mcolcon.colcon_core.package_identification[0m [1;30mLevel 1[0m _identify(.) by extension 'ros'
[-1765840321156222976.000s] [34mcolcon.colcon_core.package_identification[0m [1;30mLevel 1[0m _identify(.) by extensions ['cmake', 'python']
[-1765840321156222976.000s] [34mcolcon.colcon_core.package_identification[0m [1;30mLevel 1[0m _identify(.) by extension 'cmake'
[-1765840321156222976.000s] [34mcolcon.colcon_core.package_identification[0m [1;30mLevel 1[0m _identify(.) by extension 'python'
[-1765840321156222976.000s] [34mcolcon.colcon_core.package_identification[0m [1;30mLevel 1[0m _identify(.) by extensions ['python_setup_py']
[-1765840321156222976.000s] [34mcolcon.colcon_core.package_identification[0m [1;30mLevel 1[0m _identify(.) by extension 'python_setup_py'
[-1765840321156222976.000s] [34mcolcon.colcon_core.package_identification[0m [1;30mLevel 1[0m _identify(build) by extensions ['ignore', 'ignore_ament_install']
[-1765840321156222976.000s] [34mcolcon.colcon_core.package_identification[0m [1;30mLevel 1[0m _identify(build) by extension 'ignore'
[-1765840321156222976.000s] [34mcolcon.colcon_core.package_identification[0m [1;30mLevel 1[0m _identify(build) ignored
[-1765840321156222976.000s] [34mcolcon.colcon_core.package_identification[0m [1;30mLevel 1[0m _identify(install) by extensions ['ignore', 'ignore_ament_install']
[-1765840321156222976.000s] [34mcolcon.colcon_core.package_identification[0m [1;30mLevel 1[0m _identify(install) by extension 'ignore'
[-1765840321156222976.000s] [34mcolcon.colcon_core.package_identification[0m [1;30mLevel 1[0m _identify(install) ignored
[-1765840321156222976.000s] [34mcolcon.colcon_core.package_identification[0m [1;30mLevel 1[0m _identify(log) by extensions ['ignore', 'ignore_ament_install']
[-1765840321156222976.000s] [34mcolcon.colcon_core.package_identification[0m [1;30mLevel 1[0m _identify(log) by extension 'ignore'
[-1765840321156222976.000s] [34mcolcon.colcon_core.package_identification[0m [1;30mLevel 1[0m _identify(log) ignored
[-1765840321156222976.000s] [34mcolcon.colcon_core.package_identification[0m [1;30mLevel 1[0m _identify(src) by extensions ['ignore', 'ignore_ament_install']
[-1765840321156222976.000s] [34mcolcon.colcon_core.package_identification[0m [1;30mLevel 1[0m _identify(src) by extension 'ignore'
[-1765840321156222976.000s] [34mcolcon.colcon_core.package_identification[0m [1;30mLevel 1[0m _identify(src) by extension 'ignore_ament_install'
[-1765840321156222976.000s] [34mcolcon.colcon_core.package_identification[0m [1;30mLevel 1[0m _identify(src) by extensions ['colcon_pkg']
[-1765840321156222976.000s] [34mcolcon.colcon_core.package_identification[0m [1;30mLevel 1[0m _identify(src) by extension 'colcon_pkg'
[-1765840321156222976.000s] [34mcolcon.colcon_core.package_identification[0m [1;30mLevel 1[0m _identify(src) by extensions ['colcon_meta']
[-1765840321156222976.000s] [34mcolcon.colcon_core.package_identification[0m [1;30mLevel 1[0m _identify(src) by extension 'colcon_meta'
[-1765840321156222976.000s] [34mcolcon.colcon_core.package_identification[0m [1;30mLevel 1[0m _identify(src) by extensions ['ros']
[-1765840321156222976.000s] [34mcolcon.colcon_core.package_identification[0m [1;30mLevel 1[0m _identify(src) by extension 'ros'
[-1765840321156222976.000s] [34mcolcon.colcon_core.package_identification[0m [1;30mLevel 1[0m _identify(src) by extensions ['cmake', 'python']
[-1765840321156222976.000s] [34mcolcon.colcon_core.package_identification[0m [1;30mLevel 1[0m _identify(src) by extension 'cmake'
[-1765840321156222976.000s] [34mcolcon.colcon_core.package_identification[0m [1;30mLevel 1[0m _identify(src) by extension 'python'
[-1765840321156222976.000s] [34mcolcon.colcon_core.package_identification[0m [1;30mLevel 1[0m _identify(src) by extensions ['python_setup_py']
[-1765840321156222976.000s] [34mcolcon.colcon_core.package_identification[0m [1;30mLevel 1[0m _identify(src) by extension 'python_setup_py'
[-1765840321156222976.000s] [34mcolcon.colcon_core.package_identification[0m [1;30mLevel 1[0m _identify(src/generic_robot_driver) by extensions ['ignore', 'ignore_ament_install']
[-1765840321156222976.000s] [34mcolcon.colcon_core.package_identification[0m [1;30mLevel 1[0m _identify(src/generic_robot_driver) by extension 'ignore'
[-1765840321156222976.000s] [34mcolcon.colcon_core.package_identification[0m [1;30mLevel 1[0m _identify(src/generic_robot_driver) by extension 'ignore_ament_install'
[-1765840321156222976.000s] [34mcolcon.colcon_core.package_identification[0m [1;30mLevel 1[0m _identify(src/generic_robot_driver) by extensions ['colcon_pkg']
[-1765840321156222976.000s] [34mcolcon.colcon_core.package_identification[0m [1;30mLevel 1[0m _identify(src/generic_robot_driver) by extension 'colcon_pkg'
[-1765840321156222976.000s] [34mcolcon.colcon_core.package_identification[0m [1;30mLevel 1[0m _identify(src/generic_robot_driver) by extensions ['colcon_meta']
[-1765840321156222976.000s] [34mcolcon.colcon_core.package_identification[0m [1;30mLevel 1[0m _identify(src/generic_robot_driver) by extension 'colcon_meta'
[-1765840321156222976.000s] [34mcolcon.colcon_core.package_identification[0m [1;30mLevel 1[0m _identify(src/generic_robot_driver) by extensions ['ros']
[-1765840321156222976.000s] [34mcolcon.colcon_core.package_identification[0m [1;30mLevel 1[0m _identify(src/generic_robot_driver) by extension 'ros'
[-1765840321156222976.000s] [34mcolcon.colcon_core.package_identification[0m [1;30mDEBUG[0m [32mPackage 'src/generic_robot_driver' with type 'ros.ament_python' and name 'generic_robot_driver'[0m
[-1765840321156222976.000s] [34mcolcon.colcon_core.package_discovery[0m [1;30mLevel 1[0m discover_packages(recursive) using defaults
[-1765840321156222976.000s] [34mcolcon.colcon_core.package_discovery[0m [1;30mLevel 1[0m discover_packages(ignore) discover
[-1765840321156222976.000s] [34mcolcon.colcon_core.package_discovery[0m [1;30mLevel 1[0m discover_packages(ignore) using defaults
[-1765840321156222976.000s] [34mcolcon.colcon_core.package_discovery[0m [1;30mLevel 1[0m discover_packages(path) discover
[-1765840321156222976.000s] [34mcolcon.colcon_core.package_discovery[0m [1;30mLevel 1[0m discover_packages(path) using defaults
[-1765840321156222976.000s] [34mcolcon.colcon_core.package_discovery[0m [1;30mLevel 1[0m discover_packages(prefix_path) check parameters
[-1765840321156222976.000s] [34mcolcon.colcon_core.package_discovery[0m [1;30mLevel 1[0m discover_packages(prefix_path) discover
[-1765840321156222976.000s] [34mcolcon.colcon_ros.prefix_path.ament[0m [1;30mWARNING[0m [33mThe path '/home/hatim/Documents/Github/robofun_ws/platform/scuttle/ROS2/install/generic_robot_driver' in the environment variable AMENT_PREFIX_PATH doesn't exist[0m
[-1765840321156222976.000s] [34mcolcon.colcon_installed_package_information.package_discovery[0m [1;30mDEBUG[0m [32mFound 0 installed packages in /home/hatim/Documents/Github/robofun_ws/platform/scuttle/ROS2/install[0m
[-1765840321156222976.000s] [34mcolcon.colcon_installed_package_information.package_discovery[0m [1;30mDEBUG[0m [32mFound 350 installed packages in /home/hatim/ros2_humble/install[0m
[-1765840321156222976.000s] [34mcolcon.colcon_core.package_discovery[0m [1;30mLevel 1[0m discover_packages(prefix_path) using defaults
[-1765840321156222976.000s] [34mcolcon.colcon_core.verb[0m [1;30mLevel 5[0m set package 'generic_robot_driver' build argument 'cmake_args' from command line to 'None'
[-1765840321156222976.000s] [34mcolcon.colcon_core.verb[0m [1;30mLevel 5[0m set package 'generic_robot_driver' build argument 'cmake_target' from command line to 'None'
[-1765840321156222976.000s] [34mcolcon.colcon_core.verb[0m [1;30mLevel 5[0m set package 'generic_robot_driver' build argument 'cmake_target_skip_unavailable' from command line to 'False'
[-1765840321156222976.000s] [34mcolcon.colcon_core.verb[0m [1;30mLevel 5[0m set package 'generic_robot_driver' build argument 'cmake_clean_cache' from command line to 'False'
[-1765840321156222976.000s] [34mcolcon.colcon_core.verb[0m [1;30mLevel 5[0m set package 'generic_robot_driver' build argument 'cmake_clean_first' from command line to 'False'
[-1765840321156222976.000s] [34mcolcon.colcon_core.verb[0m [1;30mLevel 5[0m set package 'generic_robot_driver' build argument 'cmake_force_configure' from command line to 'False'
[-1765840321156222976.000s] [34mcolcon.colcon_core.verb[0m [1;30mLevel 5[0m set package 'generic_robot_driver' build argument 'ament_cmake_args' from command line to 'None'
[-1765840321156222976.000s] [34mcolcon.colcon_core.verb[0m [1;30mLevel 5[0m set package 'generic_robot_driver' build argument 'catkin_cmake_args' from command line to 'None'
[-1765840321156222976.000s] [34mcolcon.colcon_core.verb[0m [1;30mLevel 5[0m set package 'generic_robot_driver' build argument 'catkin_skip_building_tests' from command line to 'False'
[-1765840321156222976.000s] [34mcolcon.colcon_core.verb[0m [1;30mDEBUG[0m [32mBuilding package 'generic_robot_driver' with the following arguments: {'ament_cmake_args': None, 'build_base': '/home/hatim/Documents/Github/robofun_ws/platform/scuttle/ROS2/build/generic_robot_driver', 'catkin_cmake_args': None, 'catkin_skip_building_tests': False, 'cmake_args': None, 'cmake_clean_cache': False, 'cmake_clean_first': False, 'cmake_force_configure': False, 'cmake_target': None, 'cmake_target_skip_unavailable': False, 'install_base': '/home/hatim/Documents/Github/robofun_ws/platform/scuttle/ROS2/install/generic_robot_driver', 'merge_install': False, 'path': '/home/hatim/Documents/Github/robofun_ws/platform/scuttle/ROS2/src/generic_robot_driver', 'symlink_install': True, 'test_result_base': None}[0m
[-1765840321156222976.000s] [34mcolcon.colcon_core.executor[0m [1;30mINFO[0m Executing jobs using 'parallel' executor
[-1765840321156222976.000s] [34mcolcon.colcon_parallel_executor.executor.parallel[0m [1;30mDEBUG[0m [32mrun_until_complete[0m
[-1765840321156222976.000s] [34mcolcon.colcon_ros.task.ament_python.build[0m [1;30mINFO[0m Building ROS package in '/home/hatim/Documents/Github/robofun_ws/platform/scuttle/ROS2/src/generic_robot_driver' with build type 'ament_python'
[-1765840321156222976.000s] [34mcolcon.colcon_core.shell[0m [1;30mLevel 1[0m create_environment_hook('generic_robot_driver', 'ament_prefix_path')
[-1765840321156222976.000s] [34mcolcon.colcon_core.plugin_system[0m [1;30mINFO[0m Skipping extension 'colcon_core.shell.bat': Not used on non-Windows systems
[-1765840321156222976.000s] [34mcolcon.colcon_core.shell[0m [1;30mINFO[0m Creating environment hook '/home/hatim/Documents/Github/robofun_ws/platform/scuttle/ROS2/install/generic_robot_driver/share/generic_robot_driver/hook/ament_prefix_path.ps1'
[-1765840321156222976.000s] [34mcolcon.colcon_core.shell[0m [1;30mINFO[0m Creating environment descriptor '/home/hatim/Documents/Github/robofun_ws/platform/scuttle/ROS2/install/generic_robot_driver/share/generic_robot_driver/hook/ament_prefix_path.dsv'
[-1765840321156222976.000s] [34mcolcon.colcon_core.shell[0m [1;30mINFO[0m Creating environment hook '/home/hatim/Documents/Github/robofun_ws/platform/scuttle/ROS2/install/generic_robot_driver/share/generic_robot_driver/hook/ament_prefix_path.sh'
[-1765840321156222976.000s] [34mcolcon.colcon_core.shell[0m [1;30mINFO[0m Skip shell extension 'powershell' for command environment: Not usable outside of PowerShell
[-1765840321156222976.000s] [34mcolcon.colcon_core.shell[0m [1;30mDEBUG[0m [32mSkip shell extension 'dsv' for command environment[0m
[-1765840321156222976.000s] [34mcolcon.colcon_core.task.python.build[0m [1;30mINFO[0m Building Python package in '/home/hatim/Documents/Github/robofun_ws/platform/scuttle/ROS2/src/generic_robot_driver'
[-1765840321156222976.000s] [34mcolcon.colcon_core.shell[0m [1;30mINFO[0m Skip shell extension 'powershell' for command environment: Not usable outside of PowerShell
[-1765840321156222976.000s] [34mcolcon.colcon_core.shell[0m [1;30mDEBUG[0m [32mSkip shell extension 'dsv' for command environment[0m
[-1765840321156222976.000s] [34mcolcon.colcon_core.event_handler.log_command[0m [1;30mDEBUG[0m [32mInvoking command in '/home/hatim/Documents/Github/robofun_ws/platform/scuttle/ROS2/build/generic_robot_driver': DEBUGINFOD_URLS=ima:enforcing https://debuginfod.fedoraproject.org/ ima:ignore PYTHONPATH=/home/hatim/Documents/Github/robofun_ws/platform/scuttle/ROS2/build/generic_robot_driver/prefix_override:/usr/lib/python3.14/site-packages/colcon_core/task/python/colcon_distutils_commands:/home/hatim/Documents/Github/robofun_ws/platform/scuttle/ROS2/install/generic_robot_driver/lib/python3.14/site-packages:${PYTHONPATH} _=/usr/bin/env /usr/bin/python3 -W ignore:setup.py install is deprecated -W ignore:easy_install command is deprecated setup.py develop --editable --build-directory /home/hatim/Documents/Github/robofun_ws/platform/scuttle/ROS2/build/generic_robot_driver/build --no-deps symlink_data[0m
[-1765840321156222976.000s] [34mcolcon.colcon_core.shell[0m [1;30mLevel 1[0m create_environment_hook('generic_robot_driver', 'pythonpath_develop')
[-1765840321156222976.000s] [34mcolcon.colcon_core.shell[0m [1;30mINFO[0m Creating environment hook '/home/hatim/Documents/Github/robofun_ws/platform/scuttle/ROS2/build/generic_robot_driver/share/generic_robot_driver/hook/pythonpath_develop.ps1'
[-1765840321156222976.000s] [34mcolcon.colcon_core.event_handler.log_command[0m [1;30mDEBUG[0m [32mInvoked command in '/home/hatim/Documents/Github/robofun_ws/platform/scuttle/ROS2/build/generic_robot_driver' returned '0': DEBUGINFOD_URLS=ima:enforcing https://debuginfod.fedoraproject.org/ ima:ignore PYTHONPATH=/home/hatim/Documents/Github/robofun_ws/platform/scuttle/ROS2/build/generic_robot_driver/prefix_override:/usr/lib/python3.14/site-packages/colcon_core/task/python/colcon_distutils_commands:/home/hatim/Documents/Github/robofun_ws/platform/scuttle/ROS2/install/generic_robot_driver/lib/python3.14/site-packages:${PYTHONPATH} _=/usr/bin/env /usr/bin/python3 -W ignore:setup.py install is deprecated -W ignore:easy_install command is deprecated setup.py develop --editable --build-directory /home/hatim/Documents/Github/robofun_ws/platform/scuttle/ROS2/build/generic_robot_driver/build --no-deps symlink_data[0m
[-1765840321156222976.000s] [34mcolcon.colcon_core.shell[0m [1;30mINFO[0m Creating environment descriptor '/home/hatim/Documents/Github/robofun_ws/platform/scuttle/ROS2/build/generic_robot_driver/share/generic_robot_driver/hook/pythonpath_develop.dsv'
[-1765840321156222976.000s] [34mcolcon.colcon_core.shell[0m [1;30mINFO[0m Creating environment hook '/home/hatim/Documents/Github/robofun_ws/platform/scuttle/ROS2/build/generic_robot_driver/share/generic_robot_driver/hook/pythonpath_develop.sh'
[-1765840321156222976.000s] [34mcolcon.colcon_core.environment[0m [1;30mLevel 1[0m checking '/home/hatim/Documents/Github/robofun_ws/platform/scuttle/ROS2/install/generic_robot_driver' for CMake module files
[-1765840321156222976.000s] [34mcolcon.colcon_core.environment[0m [1;30mLevel 1[0m checking '/home/hatim/Documents/Github/robofun_ws/platform/scuttle/ROS2/install/generic_robot_driver' for CMake config files
[-1765840321156222976.000s] [34mcolcon.colcon_core.environment[0m [1;30mLevel 1[0m checking '/home/hatim/Documents/Github/robofun_ws/platform/scuttle/ROS2/install/generic_robot_driver/lib'
[-1765840321156222976.000s] [34mcolcon.colcon_core.environment[0m [1;30mLevel 1[0m checking '/home/hatim/Documents/Github/robofun_ws/platform/scuttle/ROS2/install/generic_robot_driver/bin'
[-1765840321156222976.000s] [34mcolcon.colcon_core.environment[0m [1;30mLevel 1[0m checking '/home/hatim/Documents/Github/robofun_ws/platform/scuttle/ROS2/install/generic_robot_driver/lib/pkgconfig/generic_robot_driver.pc'
[-1765840321156222976.000s] [34mcolcon.colcon_core.environment[0m [1;30mLevel 1[0m checking '/home/hatim/Documents/Github/robofun_ws/platform/scuttle/ROS2/install/generic_robot_driver/lib/python3.14/site-packages'
[-1765840321156222976.000s] [34mcolcon.colcon_core.shell[0m [1;30mLevel 1[0m create_environment_hook('generic_robot_driver', 'pythonpath')
[-1765840321156222976.000s] [34mcolcon.colcon_core.shell[0m [1;30mINFO[0m Creating environment hook '/home/hatim/Documents/Github/robofun_ws/platform/scuttle/ROS2/install/generic_robot_driver/share/generic_robot_driver/hook/pythonpath.ps1'
[-1765840321156222976.000s] [34mcolcon.colcon_core.shell[0m [1;30mINFO[0m Creating environment descriptor '/home/hatim/Documents/Github/robofun_ws/platform/scuttle/ROS2/install/generic_robot_driver/share/generic_robot_driver/hook/pythonpath.dsv'
[-1765840321156222976.000s] [34mcolcon.colcon_core.shell[0m [1;30mINFO[0m Creating environment hook '/home/hatim/Documents/Github/robofun_ws/platform/scuttle/ROS2/install/generic_robot_driver/share/generic_robot_driver/hook/pythonpath.sh'
[-1765840321156222976.000s] [34mcolcon.colcon_core.environment[0m [1;30mLevel 1[0m checking '/home/hatim/Documents/Github/robofun_ws/platform/scuttle/ROS2/install/generic_robot_driver/lib64/python3.14/site-packages'
[-1765840321156222976.000s] [34mcolcon.colcon_core.environment[0m [1;30mLevel 1[0m checking '/home/hatim/Documents/Github/robofun_ws/platform/scuttle/ROS2/install/generic_robot_driver/bin'
[-1765840321156222976.000s] [34mcolcon.colcon_core.environment[0m [1;30mLevel 1[0m create_environment_scripts_only(generic_robot_driver)
[-1765840321156222976.000s] [34mcolcon.colcon_core.shell[0m [1;30mINFO[0m Creating package script '/home/hatim/Documents/Github/robofun_ws/platform/scuttle/ROS2/install/generic_robot_driver/share/generic_robot_driver/package.ps1'
[-1765840321156222976.000s] [34mcolcon.colcon_core.shell[0m [1;30mINFO[0m Creating package descriptor '/home/hatim/Documents/Github/robofun_ws/platform/scuttle/ROS2/install/generic_robot_driver/share/generic_robot_driver/package.dsv'
[-1765840321156222976.000s] [34mcolcon.colcon_core.shell[0m [1;30mINFO[0m Creating package script '/home/hatim/Documents/Github/robofun_ws/platform/scuttle/ROS2/install/generic_robot_driver/share/generic_robot_driver/package.sh'
[-1765840321156222976.000s] [34mcolcon.colcon_core.shell[0m [1;30mINFO[0m Creating package script '/home/hatim/Documents/Github/robofun_ws/platform/scuttle/ROS2/install/generic_robot_driver/share/generic_robot_driver/package.bash'
[-1765840321156222976.000s] [34mcolcon.colcon_core.shell[0m [1;30mINFO[0m Creating package script '/home/hatim/Documents/Github/robofun_ws/platform/scuttle/ROS2/install/generic_robot_driver/share/generic_robot_driver/package.zsh'
[-1765840321156222976.000s] [34mcolcon.colcon_core.environment[0m [1;30mLevel 1[0m create_file_with_runtime_dependencies(/home/hatim/Documents/Github/robofun_ws/platform/scuttle/ROS2/install/generic_robot_driver/share/colcon-core/packages/generic_robot_driver)
[-1765840321156222976.000s] [34mcolcon.colcon_parallel_executor.executor.parallel[0m [1;30mDEBUG[0m [32mclosing loop[0m
[-1765840321156222976.000s] [34mcolcon.colcon_parallel_executor.executor.parallel[0m [1;30mDEBUG[0m [32mloop closed[0m
[-1765840321156222976.000s] [34mcolcon.colcon_parallel_executor.executor.parallel[0m [1;30mDEBUG[0m [32mrun_until_complete finished with '0'[0m
[-1765840321156222976.000s] [34mcolcon.colcon_core.event_reactor[0m [1;30mDEBUG[0m [32mjoining thread[0m
[-1765840321156222976.000s] [34mcolcon.colcon_core.plugin_system[0m [1;30mINFO[0m Skipping extension 'colcon_notification.desktop_notification.terminal_notifier': Not used on non-Darwin systems
[-1765840321156222976.000s] [34mcolcon.colcon_core.plugin_system[0m [1;30mINFO[0m Skipping extension 'colcon_notification.desktop_notification.win32': Not used on non-Windows systems
[-1765840321156222976.000s] [34mcolcon.colcon_notification.desktop_notification[0m [1;30mINFO[0m Sending desktop notification using 'notify2'
[-1765840321156222976.000s] [34mcolcon.colcon_core.event_reactor[0m [1;30mDEBUG[0m [32mjoined thread[0m
[-1765840321156222976.000s] [34mcolcon.colcon_core.shell[0m [1;30mINFO[0m Creating prefix script '/home/hatim/Documents/Github/robofun_ws/platform/scuttle/ROS2/install/local_setup.ps1'
[-1765840321156222976.000s] [34mcolcon.colcon_core.shell[0m [1;30mINFO[0m Creating prefix util module '/home/hatim/Documents/Github/robofun_ws/platform/scuttle/ROS2/install/_local_setup_util_ps1.py'
[-1765840321156222976.000s] [34mcolcon.colcon_core.shell[0m [1;30mINFO[0m Creating prefix chain script '/home/hatim/Documents/Github/robofun_ws/platform/scuttle/ROS2/install/setup.ps1'
[-1765840321156222976.000s] [34mcolcon.colcon_core.shell[0m [1;30mINFO[0m Creating prefix script '/home/hatim/Documents/Github/robofun_ws/platform/scuttle/ROS2/install/local_setup.sh'
[-1765840321156222976.000s] [34mcolcon.colcon_core.shell[0m [1;30mINFO[0m Creating prefix util module '/home/hatim/Documents/Github/robofun_ws/platform/scuttle/ROS2/install/_local_setup_util_sh.py'
[-1765840321156222976.000s] [34mcolcon.colcon_core.shell[0m [1;30mINFO[0m Creating prefix chain script '/home/hatim/Documents/Github/robofun_ws/platform/scuttle/ROS2/install/setup.sh'
[-1765840321156222976.000s] [34mcolcon.colcon_core.shell[0m [1;30mINFO[0m Creating prefix script '/home/hatim/Documents/Github/robofun_ws/platform/scuttle/ROS2/install/local_setup.bash'
[-1765840321156222976.000s] [34mcolcon.colcon_core.shell[0m [1;30mINFO[0m Creating prefix chain script '/home/hatim/Documents/Github/robofun_ws/platform/scuttle/ROS2/install/setup.bash'
[-1765840321156222976.000s] [34mcolcon.colcon_core.shell[0m [1;30mINFO[0m Creating prefix script '/home/hatim/Documents/Github/robofun_ws/platform/scuttle/ROS2/install/local_setup.zsh'
[-1765840321156222976.000s] [34mcolcon.colcon_core.shell[0m [1;30mINFO[0m Creating prefix chain script '/home/hatim/Documents/Github/robofun_ws/platform/scuttle/ROS2/install/setup.zsh'
