[-1766275791584306432.000s] DEBUG:colcon:Command line arguments: ['/usr/bin/colcon', 'build', '--symlink-install']
[-1766275791584306432.000s] DEBUG:colcon:Parsed command line arguments: Namespace(log_base=None, log_level=None, verb_name='build', build_base='build', install_base='install', merge_install=False, symlink_install=True, test_result_base=None, continue_on_error=False, executor='parallel', parallel_workers=12, event_handlers=None, ignore_user_meta=False, metas=['./colcon.meta'], base_paths=['.'], packages_ignore=None, packages_ignore_regex=None, paths=None, packages_up_to=None, packages_up_to_regex=None, packages_above=None, packages_above_and_dependencies=None, packages_above_depth=None, packages_select_by_dep=None, packages_skip_by_dep=None, packages_skip_up_to=None, packages_select_build_failed=False, packages_skip_build_finished=False, packages_select_test_failures=False, packages_skip_test_passed=False, packages_select=None, packages_skip=None, packages_select_regex=None, packages_skip_regex=None, packages_start=None, packages_end=None, cmake_args=None, cmake_target=None, cmake_target_skip_unavailable=False, cmake_clean_cache=False, cmake_clean_first=False, cmake_force_configure=False, ament_cmake_args=None, catkin_cmake_args=None, catkin_skip_building_tests=False, verb_parser=<colcon_defaults.argument_parser.defaults.DefaultArgumentsDecorator object at 0x7f75deb58690>, verb_extension=<colcon_core.verb.build.BuildVerb object at 0x7f75deb05550>, main=<bound method BuildVerb.main of <colcon_core.verb.build.BuildVerb object at 0x7f75deb05550>>)
[-1766275791584306432.000s] Level 1:colcon.colcon_core.package_discovery:discover_packages(colcon_meta) check parameters
[-1766275791584306432.000s] Level 1:colcon.colcon_core.package_discovery:discover_packages(recursive) check parameters
[-1766275791584306432.000s] Level 1:colcon.colcon_core.package_discovery:discover_packages(ignore) check parameters
[-1766275791584306432.000s] Level 1:colcon.colcon_core.package_discovery:discover_packages(path) check parameters
[-1766275791584306432.000s] Level 1:colcon.colcon_core.package_discovery:discover_packages(colcon_meta) discover
[-1766275791584306432.000s] Level 1:colcon.colcon_core.package_discovery:discover_packages(recursive) discover
[-1766275791584306432.000s] INFO:colcon.colcon_core.package_discovery:Crawling recursively for packages in '/home/hatim/Documents/Github/robofun_ws/platform/scuttle/ROS2'
[-1766275791584306432.000s] Level 1:colcon.colcon_core.package_identification:_identify(.) by extensions ['ignore', 'ignore_ament_install']
[-1766275791584306432.000s] Level 1:colcon.colcon_core.package_identification:_identify(.) by extension 'ignore'
[-1766275791584306432.000s] Level 1:colcon.colcon_core.package_identification:_identify(.) by extension 'ignore_ament_install'
[-1766275791584306432.000s] Level 1:colcon.colcon_core.package_identification:_identify(.) by extensions ['colcon_pkg']
[-1766275791584306432.000s] Level 1:colcon.colcon_core.package_identification:_identify(.) by extension 'colcon_pkg'
[-1766275791584306432.000s] Level 1:colcon.colcon_core.package_identification:_identify(.) by extensions ['colcon_meta']
[-1766275791584306432.000s] Level 1:colcon.colcon_core.package_identification:_identify(.) by extension 'colcon_meta'
[-1766275791584306432.000s] Level 1:colcon.colcon_core.package_identification:_identify(.) by extensions ['ros']
[-1766275791584306432.000s] Level 1:colcon.colcon_core.package_identification:_identify(.) by extension 'ros'
[-1766275791584306432.000s] Level 1:colcon.colcon_core.package_identification:_identify(.) by extensions ['cmake', 'python']
[-1766275791584306432.000s] Level 1:colcon.colcon_core.package_identification:_identify(.) by extension 'cmake'
[-1766275791584306432.000s] Level 1:colcon.colcon_core.package_identification:_identify(.) by extension 'python'
[-1766275791584306432.000s] Level 1:colcon.colcon_core.package_identification:_identify(.) by extensions ['python_setup_py']
[-1766275791584306432.000s] Level 1:colcon.colcon_core.package_identification:_identify(.) by extension 'python_setup_py'
[-1766275791584306432.000s] Level 1:colcon.colcon_core.package_identification:_identify(build) by extensions ['ignore', 'ignore_ament_install']
[-1766275791584306432.000s] Level 1:colcon.colcon_core.package_identification:_identify(build) by extension 'ignore'
[-1766275791584306432.000s] Level 1:colcon.colcon_core.package_identification:_identify(build) ignored
[-1766275791584306432.000s] Level 1:colcon.colcon_core.package_identification:_identify(install) by extensions ['ignore', 'ignore_ament_install']
[-1766275791584306432.000s] Level 1:colcon.colcon_core.package_identification:_identify(install) by extension 'ignore'
[-1766275791584306432.000s] Level 1:colcon.colcon_core.package_identification:_identify(install) ignored
[-1766275791584306432.000s] Level 1:colcon.colcon_core.package_identification:_identify(log) by extensions ['ignore', 'ignore_ament_install']
[-1766275791584306432.000s] Level 1:colcon.colcon_core.package_identification:_identify(log) by extension 'ignore'
[-1766275791584306432.000s] Level 1:colcon.colcon_core.package_identification:_identify(log) ignored
[-1766275791584306432.000s] Level 1:colcon.colcon_core.package_identification:_identify(src) by extensions ['ignore', 'ignore_ament_install']
[-1766275791584306432.000s] Level 1:colcon.colcon_core.package_identification:_identify(src) by extension 'ignore'
[-1766275791584306432.000s] Level 1:colcon.colcon_core.package_identification:_identify(src) by extension 'ignore_ament_install'
[-1766275791584306432.000s] Level 1:colcon.colcon_core.package_identification:_identify(src) by extensions ['colcon_pkg']
[-1766275791584306432.000s] Level 1:colcon.colcon_core.package_identification:_identify(src) by extension 'colcon_pkg'
[-1766275791584306432.000s] Level 1:colcon.colcon_core.package_identification:_identify(src) by extensions ['colcon_meta']
[-1766275791584306432.000s] Level 1:colcon.colcon_core.package_identification:_identify(src) by extension 'colcon_meta'
[-1766275791584306432.000s] Level 1:colcon.colcon_core.package_identification:_identify(src) by extensions ['ros']
[-1766275791584306432.000s] Level 1:colcon.colcon_core.package_identification:_identify(src) by extension 'ros'
[-1766275791584306432.000s] Level 1:colcon.colcon_core.package_identification:_identify(src) by extensions ['cmake', 'python']
[-1766275791584306432.000s] Level 1:colcon.colcon_core.package_identification:_identify(src) by extension 'cmake'
[-1766275791584306432.000s] Level 1:colcon.colcon_core.package_identification:_identify(src) by extension 'python'
[-1766275791584306432.000s] Level 1:colcon.colcon_core.package_identification:_identify(src) by extensions ['python_setup_py']
[-1766275791584306432.000s] Level 1:colcon.colcon_core.package_identification:_identify(src) by extension 'python_setup_py'
[-1766275791584306432.000s] Level 1:colcon.colcon_core.package_identification:_identify(src/generic_robot_driver) by extensions ['ignore', 'ignore_ament_install']
[-1766275791584306432.000s] Level 1:colcon.colcon_core.package_identification:_identify(src/generic_robot_driver) by extension 'ignore'
[-1766275791584306432.000s] Level 1:colcon.colcon_core.package_identification:_identify(src/generic_robot_driver) by extension 'ignore_ament_install'
[-1766275791584306432.000s] Level 1:colcon.colcon_core.package_identification:_identify(src/generic_robot_driver) by extensions ['colcon_pkg']
[-1766275791584306432.000s] Level 1:colcon.colcon_core.package_identification:_identify(src/generic_robot_driver) by extension 'colcon_pkg'
[-1766275791584306432.000s] Level 1:colcon.colcon_core.package_identification:_identify(src/generic_robot_driver) by extensions ['colcon_meta']
[-1766275791584306432.000s] Level 1:colcon.colcon_core.package_identification:_identify(src/generic_robot_driver) by extension 'colcon_meta'
[-1766275791584306432.000s] Level 1:colcon.colcon_core.package_identification:_identify(src/generic_robot_driver) by extensions ['ros']
[-1766275791584306432.000s] Level 1:colcon.colcon_core.package_identification:_identify(src/generic_robot_driver) by extension 'ros'
[-1766275791584306432.000s] DEBUG:colcon.colcon_core.package_identification:Package 'src/generic_robot_driver' with type 'ros.ament_python' and name 'generic_robot_driver'
[-1766275791584306432.000s] Level 1:colcon.colcon_core.package_discovery:discover_packages(recursive) using defaults
[-1766275791584306432.000s] Level 1:colcon.colcon_core.package_discovery:discover_packages(ignore) discover
[-1766275791584306432.000s] Level 1:colcon.colcon_core.package_discovery:discover_packages(ignore) using defaults
[-1766275791584306432.000s] Level 1:colcon.colcon_core.package_discovery:discover_packages(path) discover
[-1766275791584306432.000s] Level 1:colcon.colcon_core.package_discovery:discover_packages(path) using defaults
[-1766275791584306432.000s] Level 5:colcon.colcon_core.verb:set package 'generic_robot_driver' build argument 'cmake_args' from command line to 'None'
[-1766275791584306432.000s] Level 5:colcon.colcon_core.verb:set package 'generic_robot_driver' build argument 'cmake_target' from command line to 'None'
[-1766275791584306432.000s] Level 5:colcon.colcon_core.verb:set package 'generic_robot_driver' build argument 'cmake_target_skip_unavailable' from command line to 'False'
[-1766275791584306432.000s] Level 5:colcon.colcon_core.verb:set package 'generic_robot_driver' build argument 'cmake_clean_cache' from command line to 'False'
[-1766275791584306432.000s] Level 5:colcon.colcon_core.verb:set package 'generic_robot_driver' build argument 'cmake_clean_first' from command line to 'False'
[-1766275791584306432.000s] Level 5:colcon.colcon_core.verb:set package 'generic_robot_driver' build argument 'cmake_force_configure' from command line to 'False'
[-1766275791584306432.000s] Level 5:colcon.colcon_core.verb:set package 'generic_robot_driver' build argument 'ament_cmake_args' from command line to 'None'
[-1766275791584306432.000s] Level 5:colcon.colcon_core.verb:set package 'generic_robot_driver' build argument 'catkin_cmake_args' from command line to 'None'
[-1766275791584306432.000s] Level 5:colcon.colcon_core.verb:set package 'generic_robot_driver' build argument 'catkin_skip_building_tests' from command line to 'False'
[-1766275791584306432.000s] DEBUG:colcon.colcon_core.verb:Building package 'generic_robot_driver' with the following arguments: {'ament_cmake_args': None, 'build_base': '/home/hatim/Documents/Github/robofun_ws/platform/scuttle/ROS2/build/generic_robot_driver', 'catkin_cmake_args': None, 'catkin_skip_building_tests': False, 'cmake_args': None, 'cmake_clean_cache': False, 'cmake_clean_first': False, 'cmake_force_configure': False, 'cmake_target': None, 'cmake_target_skip_unavailable': False, 'install_base': '/home/hatim/Documents/Github/robofun_ws/platform/scuttle/ROS2/install/generic_robot_driver', 'merge_install': False, 'path': '/home/hatim/Documents/Github/robofun_ws/platform/scuttle/ROS2/src/generic_robot_driver', 'symlink_install': True, 'test_result_base': None}
[-1766275791584306432.000s] INFO:colcon.colcon_core.executor:Executing jobs using 'parallel' executor
[-1766275791584306432.000s] DEBUG:colcon.colcon_parallel_executor.executor.parallel:run_until_complete
[-1766275791584306432.000s] INFO:colcon.colcon_ros.task.ament_python.build:Building ROS package in '/home/hatim/Documents/Github/robofun_ws/platform/scuttle/ROS2/src/generic_robot_driver' with build type 'ament_python'
[-1766275791584306432.000s] Level 1:colcon.colcon_core.shell:create_environment_hook('generic_robot_driver', 'ament_prefix_path')
[-1766275791584306432.000s] INFO:colcon.colcon_core.plugin_system:Skipping extension 'colcon_core.shell.bat': Not used on non-Windows systems
[-1766275791584306432.000s] INFO:colcon.colcon_core.shell:Creating environment hook '/home/hatim/Documents/Github/robofun_ws/platform/scuttle/ROS2/install/generic_robot_driver/share/generic_robot_driver/hook/ament_prefix_path.ps1'
[-1766275791584306432.000s] INFO:colcon.colcon_core.shell:Creating environment descriptor '/home/hatim/Documents/Github/robofun_ws/platform/scuttle/ROS2/install/generic_robot_driver/share/generic_robot_driver/hook/ament_prefix_path.dsv'
[-1766275791584306432.000s] INFO:colcon.colcon_core.shell:Creating environment hook '/home/hatim/Documents/Github/robofun_ws/platform/scuttle/ROS2/install/generic_robot_driver/share/generic_robot_driver/hook/ament_prefix_path.sh'
[-1766275791584306432.000s] INFO:colcon.colcon_core.shell:Skip shell extension 'powershell' for command environment: Not usable outside of PowerShell
[-1766275791584306432.000s] DEBUG:colcon.colcon_core.shell:Skip shell extension 'dsv' for command environment
[-1766275791584306432.000s] INFO:colcon.colcon_core.task.python.build:Building Python package in '/home/hatim/Documents/Github/robofun_ws/platform/scuttle/ROS2/src/generic_robot_driver'
[-1766275791584306432.000s] INFO:colcon.colcon_core.shell:Skip shell extension 'powershell' for command environment: Not usable outside of PowerShell
[-1766275791584306432.000s] DEBUG:colcon.colcon_core.shell:Skip shell extension 'dsv' for command environment
[-1766275791584306432.000s] DEBUG:colcon.colcon_core.event_handler.log_command:Invoking command in '/home/hatim/Documents/Github/robofun_ws/platform/scuttle/ROS2/build/generic_robot_driver': DEBUGINFOD_URLS=https://debuginfod.archlinux.org PYTHONPATH=/home/hatim/Documents/Github/robofun_ws/platform/scuttle/ROS2/build/generic_robot_driver/prefix_override:/usr/lib/python3.13/site-packages/colcon_core/task/python/colcon_distutils_commands:/home/hatim/Documents/Github/robofun_ws/platform/scuttle/ROS2/install/generic_robot_driver/lib/python3.13/site-packages:${PYTHONPATH} _=/usr/bin/env /usr/bin/python -W ignore:setup.py install is deprecated -W ignore:easy_install command is deprecated setup.py develop --editable --build-directory /home/hatim/Documents/Github/robofun_ws/platform/scuttle/ROS2/build/generic_robot_driver/build --no-deps symlink_data
[-1766275791584306432.000s] DEBUG:colcon.colcon_core.event_handler.log_command:Invoked command in '/home/hatim/Documents/Github/robofun_ws/platform/scuttle/ROS2/build/generic_robot_driver' returned '1': DEBUGINFOD_URLS=https://debuginfod.archlinux.org PYTHONPATH=/home/hatim/Documents/Github/robofun_ws/platform/scuttle/ROS2/build/generic_robot_driver/prefix_override:/usr/lib/python3.13/site-packages/colcon_core/task/python/colcon_distutils_commands:/home/hatim/Documents/Github/robofun_ws/platform/scuttle/ROS2/install/generic_robot_driver/lib/python3.13/site-packages:${PYTHONPATH} _=/usr/bin/env /usr/bin/python -W ignore:setup.py install is deprecated -W ignore:easy_install command is deprecated setup.py develop --editable --build-directory /home/hatim/Documents/Github/robofun_ws/platform/scuttle/ROS2/build/generic_robot_driver/build --no-deps symlink_data
[-1766275791584306432.000s] DEBUG:colcon.colcon_parallel_executor.executor.parallel:closing loop
[-1766275791584306432.000s] DEBUG:colcon.colcon_parallel_executor.executor.parallel:loop closed
[-1766275791584306432.000s] DEBUG:colcon.colcon_parallel_executor.executor.parallel:run_until_complete finished with '1'
[-1766275791584306432.000s] DEBUG:colcon.colcon_core.event_reactor:joining thread
[-1766275791584306432.000s] INFO:colcon.colcon_core.plugin_system:Skipping extension 'colcon_notification.desktop_notification.terminal_notifier': Not used on non-Darwin systems
[-1766275791584306432.000s] INFO:colcon.colcon_core.plugin_system:Skipping extension 'colcon_notification.desktop_notification.win32': Not used on non-Windows systems
[-1766275791584306432.000s] INFO:colcon.colcon_notification.desktop_notification:Sending desktop notification using 'notify2'
[-1766275791584306432.000s] DEBUG:colcon.colcon_core.event_reactor:joined thread
[-1766275791584306432.000s] INFO:colcon.colcon_core.shell:Creating prefix script '/home/hatim/Documents/Github/robofun_ws/platform/scuttle/ROS2/install/local_setup.ps1'
[-1766275791584306432.000s] INFO:colcon.colcon_core.shell:Creating prefix util module '/home/hatim/Documents/Github/robofun_ws/platform/scuttle/ROS2/install/_local_setup_util_ps1.py'
[-1766275791584306432.000s] INFO:colcon.colcon_core.shell:Creating prefix chain script '/home/hatim/Documents/Github/robofun_ws/platform/scuttle/ROS2/install/setup.ps1'
[-1766275791584306432.000s] INFO:colcon.colcon_core.shell:Creating prefix script '/home/hatim/Documents/Github/robofun_ws/platform/scuttle/ROS2/install/local_setup.sh'
[-1766275791584306432.000s] INFO:colcon.colcon_core.shell:Creating prefix util module '/home/hatim/Documents/Github/robofun_ws/platform/scuttle/ROS2/install/_local_setup_util_sh.py'
[-1766275791584306432.000s] INFO:colcon.colcon_core.shell:Creating prefix chain script '/home/hatim/Documents/Github/robofun_ws/platform/scuttle/ROS2/install/setup.sh'
[-1766275791584306432.000s] INFO:colcon.colcon_core.shell:Creating prefix script '/home/hatim/Documents/Github/robofun_ws/platform/scuttle/ROS2/install/local_setup.bash'
[-1766275791584306432.000s] INFO:colcon.colcon_core.shell:Creating prefix chain script '/home/hatim/Documents/Github/robofun_ws/platform/scuttle/ROS2/install/setup.bash'
[-1766275791584306432.000s] INFO:colcon.colcon_core.shell:Creating prefix script '/home/hatim/Documents/Github/robofun_ws/platform/scuttle/ROS2/install/local_setup.zsh'
[-1766275791584306432.000s] INFO:colcon.colcon_core.shell:Creating prefix chain script '/home/hatim/Documents/Github/robofun_ws/platform/scuttle/ROS2/install/setup.zsh'
