[1.308s] Invoking command in '/home/hatim/Documents/Github/robofun_ws/platform/scuttle/ROS2/build/generic_robot_driver': DEBUGINFOD_URLS=ima:enforcing https://debuginfod.fedoraproject.org/ ima:ignore PYTHONPATH=/home/hatim/Documents/Github/robofun_ws/platform/scuttle/ROS2/build/generic_robot_driver/prefix_override:/usr/lib/python3.14/site-packages/colcon_core/task/python/colcon_distutils_commands:/home/hatim/Documents/Github/robofun_ws/platform/scuttle/ROS2/install/generic_robot_driver/lib/python3.14/site-packages:${PYTHONPATH} _=/usr/bin/env /usr/bin/python3 -W ignore:setup.py install is deprecated -W ignore:easy_install command is deprecated setup.py develop --editable --build-directory /home/hatim/Documents/Github/robofun_ws/platform/scuttle/ROS2/build/generic_robot_driver/build --no-deps symlink_data
[1.639s] /usr/lib/python3.14/site-packages/setuptools/_distutils/dist.py:289: UserWarning: Unknown distribution option: 'tests_require'
[1.639s]   warnings.warn(msg)
[1.879s] running develop
[2.170s] running egg_info
[2.200s] creating generic_robot_driver.egg-info
[2.200s] writing generic_robot_driver.egg-info/PKG-INFO
[2.200s] writing dependency_links to generic_robot_driver.egg-info/dependency_links.txt
[2.200s] writing entry points to generic_robot_driver.egg-info/entry_points.txt
[2.201s] writing requirements to generic_robot_driver.egg-info/requires.txt
[2.201s] writing top-level names to generic_robot_driver.egg-info/top_level.txt
[2.201s] writing manifest file 'generic_robot_driver.egg-info/SOURCES.txt'
[2.266s] reading manifest file 'generic_robot_driver.egg-info/SOURCES.txt'
[2.267s] writing manifest file 'generic_robot_driver.egg-info/SOURCES.txt'
[2.301s] running build_ext
[2.301s] Creating /home/hatim/Documents/Github/robofun_ws/platform/scuttle/ROS2/install/generic_robot_driver/lib/python3.14/site-packages/generic-robot-driver.egg-link (link to .)
[2.301s] Installing generic_robot_driver script to /home/hatim/Documents/Github/robofun_ws/platform/scuttle/ROS2/install/generic_robot_driver/lib/generic_robot_driver
[2.302s] 
[2.303s] Installed /home/hatim/Documents/Github/robofun_ws/platform/scuttle/ROS2/build/generic_robot_driver
[2.303s] running symlink_data
[2.303s] creating /home/hatim/Documents/Github/robofun_ws/platform/scuttle/ROS2/install/generic_robot_driver/share/ament_index/resource_index/packages
[2.303s] symbolically linking /home/hatim/Documents/Github/robofun_ws/platform/scuttle/ROS2/build/generic_robot_driver/resource/generic_robot_driver -> /home/hatim/Documents/Github/robofun_ws/platform/scuttle/ROS2/install/generic_robot_driver/share/ament_index/resource_index/packages
[2.303s] symbolically linking /home/hatim/Documents/Github/robofun_ws/platform/scuttle/ROS2/build/generic_robot_driver/package.xml -> /home/hatim/Documents/Github/robofun_ws/platform/scuttle/ROS2/install/generic_robot_driver/share/generic_robot_driver
[2.303s] creating /home/hatim/Documents/Github/robofun_ws/platform/scuttle/ROS2/install/generic_robot_driver/share/generic_robot_driver/launch
[2.303s] symbolically linking /home/hatim/Documents/Github/robofun_ws/platform/scuttle/ROS2/build/generic_robot_driver/launch/generic_robot_driver.launch.py -> /home/hatim/Documents/Github/robofun_ws/platform/scuttle/ROS2/install/generic_robot_driver/share/generic_robot_driver/launch
[2.303s] symbolically linking /home/hatim/Documents/Github/robofun_ws/platform/scuttle/ROS2/build/generic_robot_driver/launch/robot_bringup.launch.py -> /home/hatim/Documents/Github/robofun_ws/platform/scuttle/ROS2/install/generic_robot_driver/share/generic_robot_driver/launch
[2.303s] symbolically linking /home/hatim/Documents/Github/robofun_ws/platform/scuttle/ROS2/build/generic_robot_driver/launch/robot_teleop.launch.py -> /home/hatim/Documents/Github/robofun_ws/platform/scuttle/ROS2/install/generic_robot_driver/share/generic_robot_driver/launch
[2.303s] symbolically linking /home/hatim/Documents/Github/robofun_ws/platform/scuttle/ROS2/build/generic_robot_driver/launch/display.launch.py -> /home/hatim/Documents/Github/robofun_ws/platform/scuttle/ROS2/install/generic_robot_driver/share/generic_robot_driver/launch
[2.303s] creating /home/hatim/Documents/Github/robofun_ws/platform/scuttle/ROS2/install/generic_robot_driver/share/generic_robot_driver/config
[2.304s] symbolically linking /home/hatim/Documents/Github/robofun_ws/platform/scuttle/ROS2/build/generic_robot_driver/config/ydlidar.yaml -> /home/hatim/Documents/Github/robofun_ws/platform/scuttle/ROS2/install/generic_robot_driver/share/generic_robot_driver/config
[2.304s] symbolically linking /home/hatim/Documents/Github/robofun_ws/platform/scuttle/ROS2/build/generic_robot_driver/config/nav2_scuttle_devkit_params.yaml -> /home/hatim/Documents/Github/robofun_ws/platform/scuttle/ROS2/install/generic_robot_driver/share/generic_robot_driver/config
[2.304s] symbolically linking /home/hatim/Documents/Github/robofun_ws/platform/scuttle/ROS2/build/generic_robot_driver/config/robot_driver.yaml -> /home/hatim/Documents/Github/robofun_ws/platform/scuttle/ROS2/install/generic_robot_driver/share/generic_robot_driver/config
[2.304s] creating /home/hatim/Documents/Github/robofun_ws/platform/scuttle/ROS2/install/generic_robot_driver/share/generic_robot_driver/meshes
[2.304s] symbolically linking /home/hatim/Documents/Github/robofun_ws/platform/scuttle/ROS2/build/generic_robot_driver/meshes/base_link.stl -> /home/hatim/Documents/Github/robofun_ws/platform/scuttle/ROS2/install/generic_robot_driver/share/generic_robot_driver/meshes
[2.304s] symbolically linking /home/hatim/Documents/Github/robofun_ws/platform/scuttle/ROS2/build/generic_robot_driver/meshes/base_link_collision_1.stl -> /home/hatim/Documents/Github/robofun_ws/platform/scuttle/ROS2/install/generic_robot_driver/share/generic_robot_driver/meshes
[2.304s] symbolically linking /home/hatim/Documents/Github/robofun_ws/platform/scuttle/ROS2/build/generic_robot_driver/meshes/l_caster_swivel_1.stl -> /home/hatim/Documents/Github/robofun_ws/platform/scuttle/ROS2/install/generic_robot_driver/share/generic_robot_driver/meshes
[2.304s] symbolically linking /home/hatim/Documents/Github/robofun_ws/platform/scuttle/ROS2/build/generic_robot_driver/meshes/l_caster_swivel_collision_1.stl -> /home/hatim/Documents/Github/robofun_ws/platform/scuttle/ROS2/install/generic_robot_driver/share/generic_robot_driver/meshes
[2.304s] symbolically linking /home/hatim/Documents/Github/robofun_ws/platform/scuttle/ROS2/build/generic_robot_driver/meshes/l_caster_wheel_1.stl -> /home/hatim/Documents/Github/robofun_ws/platform/scuttle/ROS2/install/generic_robot_driver/share/generic_robot_driver/meshes
[2.304s] symbolically linking /home/hatim/Documents/Github/robofun_ws/platform/scuttle/ROS2/build/generic_robot_driver/meshes/l_caster_wheel_collision_1.stl -> /home/hatim/Documents/Github/robofun_ws/platform/scuttle/ROS2/install/generic_robot_driver/share/generic_robot_driver/meshes
[2.304s] symbolically linking /home/hatim/Documents/Github/robofun_ws/platform/scuttle/ROS2/build/generic_robot_driver/meshes/l_wheel_1.stl -> /home/hatim/Documents/Github/robofun_ws/platform/scuttle/ROS2/install/generic_robot_driver/share/generic_robot_driver/meshes
[2.304s] symbolically linking /home/hatim/Documents/Github/robofun_ws/platform/scuttle/ROS2/build/generic_robot_driver/meshes/l_wheel_collision_1.stl -> /home/hatim/Documents/Github/robofun_ws/platform/scuttle/ROS2/install/generic_robot_driver/share/generic_robot_driver/meshes
[2.305s] symbolically linking /home/hatim/Documents/Github/robofun_ws/platform/scuttle/ROS2/build/generic_robot_driver/meshes/lidar_1.stl -> /home/hatim/Documents/Github/robofun_ws/platform/scuttle/ROS2/install/generic_robot_driver/share/generic_robot_driver/meshes
[2.305s] symbolically linking /home/hatim/Documents/Github/robofun_ws/platform/scuttle/ROS2/build/generic_robot_driver/meshes/r_caster_swivel_1.stl -> /home/hatim/Documents/Github/robofun_ws/platform/scuttle/ROS2/install/generic_robot_driver/share/generic_robot_driver/meshes
[2.305s] symbolically linking /home/hatim/Documents/Github/robofun_ws/platform/scuttle/ROS2/build/generic_robot_driver/meshes/r_caster_swivel_collision_1.stl -> /home/hatim/Documents/Github/robofun_ws/platform/scuttle/ROS2/install/generic_robot_driver/share/generic_robot_driver/meshes
[2.305s] symbolically linking /home/hatim/Documents/Github/robofun_ws/platform/scuttle/ROS2/build/generic_robot_driver/meshes/r_caster_wheel_1.stl -> /home/hatim/Documents/Github/robofun_ws/platform/scuttle/ROS2/install/generic_robot_driver/share/generic_robot_driver/meshes
[2.305s] symbolically linking /home/hatim/Documents/Github/robofun_ws/platform/scuttle/ROS2/build/generic_robot_driver/meshes/r_caster_wheel_collision_1.stl -> /home/hatim/Documents/Github/robofun_ws/platform/scuttle/ROS2/install/generic_robot_driver/share/generic_robot_driver/meshes
[2.305s] symbolically linking /home/hatim/Documents/Github/robofun_ws/platform/scuttle/ROS2/build/generic_robot_driver/meshes/r_wheel_1.stl -> /home/hatim/Documents/Github/robofun_ws/platform/scuttle/ROS2/install/generic_robot_driver/share/generic_robot_driver/meshes
[2.305s] symbolically linking /home/hatim/Documents/Github/robofun_ws/platform/scuttle/ROS2/build/generic_robot_driver/meshes/r_wheel_collision_1.stl -> /home/hatim/Documents/Github/robofun_ws/platform/scuttle/ROS2/install/generic_robot_driver/share/generic_robot_driver/meshes
[2.305s] creating /home/hatim/Documents/Github/robofun_ws/platform/scuttle/ROS2/install/generic_robot_driver/share/generic_robot_driver/urdf
[2.305s] symbolically linking /home/hatim/Documents/Github/robofun_ws/platform/scuttle/ROS2/build/generic_robot_driver/urdf/scuttle_ydlidar.xacro -> /home/hatim/Documents/Github/robofun_ws/platform/scuttle/ROS2/install/generic_robot_driver/share/generic_robot_driver/urdf
[2.305s] symbolically linking /home/hatim/Documents/Github/robofun_ws/platform/scuttle/ROS2/build/generic_robot_driver/urdf/scuttle.trans -> /home/hatim/Documents/Github/robofun_ws/platform/scuttle/ROS2/install/generic_robot_driver/share/generic_robot_driver/urdf
[2.305s] symbolically linking /home/hatim/Documents/Github/robofun_ws/platform/scuttle/ROS2/build/generic_robot_driver/urdf/materials.xacro -> /home/hatim/Documents/Github/robofun_ws/platform/scuttle/ROS2/install/generic_robot_driver/share/generic_robot_driver/urdf
[2.305s] creating /home/hatim/Documents/Github/robofun_ws/platform/scuttle/ROS2/install/generic_robot_driver/share/generic_robot_driver/urdf/realsense
[2.344s] Invoked command in '/home/hatim/Documents/Github/robofun_ws/platform/scuttle/ROS2/build/generic_robot_driver' returned '0': DEBUGINFOD_URLS=ima:enforcing https://debuginfod.fedoraproject.org/ ima:ignore PYTHONPATH=/home/hatim/Documents/Github/robofun_ws/platform/scuttle/ROS2/build/generic_robot_driver/prefix_override:/usr/lib/python3.14/site-packages/colcon_core/task/python/colcon_distutils_commands:/home/hatim/Documents/Github/robofun_ws/platform/scuttle/ROS2/install/generic_robot_driver/lib/python3.14/site-packages:${PYTHONPATH} _=/usr/bin/env /usr/bin/python3 -W ignore:setup.py install is deprecated -W ignore:easy_install command is deprecated setup.py develop --editable --build-directory /home/hatim/Documents/Github/robofun_ws/platform/scuttle/ROS2/build/generic_robot_driver/build --no-deps symlink_data
